Using pre-set license
Built from '2020.3/staging' branch; Version is '2020.3.0f1 (c7b5465681fb) revision 13088070'; Using compiler version '192528614'; Build Type 'Release'
OS: 'Windows 10 Home Single Language; OS build 19042.1052; Version 2009; 64bit' Language: 'pt' Physical Memory: 16226 MB
BatchMode: 1, IsHumanControllingUs: 0, StartBugReporterOnCrash: 0, Is64bit: 1, IsPro: 0

 COMMAND LINE ARGUMENTS:
C:\Program Files\Unity\Hub\Editor\2020.3.0f1\Editor\Unity.exe
-adb2
-batchMode
-noUpm
-name
AssetImportWorker3
-projectPath
C:/TCC/New Unity Project
-logFile
Logs/AssetImportWorker3.log
-srvPort
62131
Successfully changed project path to: C:/TCC/New Unity Project
C:/TCC/New Unity Project
Using Asset Import Pipeline V2.
Refreshing native plugins compatible for Editor in 53.00 ms, found 1 plugins.
Preloading 0 native plugins for Editor in 0.00 ms.
Initialize engine version: 2020.3.0f1 (c7b5465681fb)
[Subsystems] Discovering subsystems at path C:/Program Files/Unity/Hub/Editor/2020.3.0f1/Editor/Data/Resources/UnitySubsystems
[Subsystems] Discovering subsystems at path C:/TCC/New Unity Project/Assets
GfxDevice: creating device client; threaded=0
Direct3D:
    Version:  Direct3D 11.0 [level 11.1]
    Renderer: NVIDIA GeForce GTX 1050 (ID=0x1c8d)
    Vendor:   
    VRAM:     4019 MB
    Driver:   27.21.14.6677
Initialize mono
Mono path[0] = 'C:/Program Files/Unity/Hub/Editor/2020.3.0f1/Editor/Data/Managed'
Mono path[1] = 'C:/Program Files/Unity/Hub/Editor/2020.3.0f1/Editor/Data/MonoBleedingEdge/lib/mono/unityjit'
Mono config path = 'C:/Program Files/Unity/Hub/Editor/2020.3.0f1/Editor/Data/MonoBleedingEdge/etc'
Using monoOptions --debugger-agent=transport=dt_socket,embedding=1,server=y,suspend=n,address=127.0.0.1:56764
Begin MonoManager ReloadAssembly
Registering precompiled unity dll's ...
Register platform support module: C:/Program Files/Unity/Hub/Editor/2020.3.0f1/Editor/Data/PlaybackEngines/WindowsStandaloneSupport/UnityEditor.WindowsStandalone.Extensions.dll
Registered in 0.002057 seconds.
Native extension for WindowsStandalone target not found
Refreshing native plugins compatible for Editor in 85.80 ms, found 1 plugins.
Preloading 0 native plugins for Editor in 0.00 ms.
Invoked RoslynAnalysisRunner static constructor.
RoslynAnalysisRunner will not be running.
RoslynAnalysisRunner has terminated.
Mono: successfully reloaded assembly
- Completed reload, in  1.843 seconds
Platform modules already initialized, skipping
Registering precompiled user dll's ...
Registered in 0.001424 seconds.
Begin MonoManager ReloadAssembly
Native extension for WindowsStandalone target not found
Refreshing native plugins compatible for Editor in 41.70 ms, found 1 plugins.
Preloading 0 native plugins for Editor in 0.00 ms.
Invoked RoslynAnalysisRunner static constructor.
RoslynAnalysisRunner will not be running.
RoslynAnalysisRunner has terminated.
Mono: successfully reloaded assembly
- Completed reload, in  3.029 seconds
Platform modules already initialized, skipping
========================================================================
Worker process is ready to serve import requests
Launched and connected shader compiler UnityShaderCompiler.exe after 0.25 seconds
Refreshing native plugins compatible for Editor in 0.71 ms, found 1 plugins.
Preloading 0 native plugins for Editor in 0.00 ms.
Unloading 2178 Unused Serialized files (Serialized files now loaded: 0)
System memory in use before: 99.3 MB.
System memory in use after: 99.3 MB.

Unloading 25 unused Assets to reduce memory usage. Loaded Objects now: 2623.
Total: 3.345200 ms (FindLiveObjects: 0.377300 ms CreateObjectMapping: 0.217600 ms MarkObjects: 2.485100 ms  DeleteObjects: 0.263300 ms)

========================================================================
Received Import Request.
  path: Assets/Scenes/phase 2-1.unity
  artifactKey: Guid(b25aa17ba604fa344820f52768267e73) Importer(815301076,1909f56bfc062723c751e8b465ee728b)
Start importing Assets/Scenes/phase 2-1.unity using Guid(b25aa17ba604fa344820f52768267e73) Importer(815301076,1909f56bfc062723c751e8b465ee728b)  -> (artifact id: 'ac0f46e1b66a580134abd4cc224f5e02') in 0.091785 seconds
  Import took 0.095687 seconds .

========================================================================
Received Import Request.
  Time since last request: 17.478551 seconds.
  path: Assets/Scenes/phase 1-2.unity
  artifactKey: Guid(bb3a5744c915ba7449c75921799f713f) Importer(815301076,1909f56bfc062723c751e8b465ee728b)
Start importing Assets/Scenes/phase 1-2.unity using Guid(bb3a5744c915ba7449c75921799f713f) Importer(815301076,1909f56bfc062723c751e8b465ee728b)  -> (artifact id: '68593a70bc8ad78eb060ef920a3dfbd8') in 0.026281 seconds
  Import took 0.029690 seconds .

========================================================================
Received Import Request.
  Time since last request: 12.968643 seconds.
  path: Assets/Scenes/phase 1-1.unity
  artifactKey: Guid(1a06809275f81bd45a55353e1a523514) Importer(815301076,1909f56bfc062723c751e8b465ee728b)
Start importing Assets/Scenes/phase 1-1.unity using Guid(1a06809275f81bd45a55353e1a523514) Importer(815301076,1909f56bfc062723c751e8b465ee728b)  -> (artifact id: '140229e723716df66644a2d76be43147') in 0.007552 seconds
  Import took 0.010926 seconds .

========================================================================
Received Import Request.
  Time since last request: 5.092882 seconds.
  path: Assets/Scenes/phase 1-2.unity
  artifactKey: Guid(bb3a5744c915ba7449c75921799f713f) Importer(815301076,1909f56bfc062723c751e8b465ee728b)
Start importing Assets/Scenes/phase 1-2.unity using Guid(bb3a5744c915ba7449c75921799f713f) Importer(815301076,1909f56bfc062723c751e8b465ee728b)  -> (artifact id: '4143200a5b69933157568be017bec4a8') in 0.003446 seconds
  Import took 0.008351 seconds .

========================================================================
Received Prepare
Registering precompiled user dll's ...
Registered in 0.001453 seconds.
Begin MonoManager ReloadAssembly
Native extension for WindowsStandalone target not found
Refreshing native plugins compatible for Editor in 0.49 ms, found 1 plugins.
Preloading 0 native plugins for Editor in 0.00 ms.
Invoked RoslynAnalysisRunner static constructor.
RoslynAnalysisRunner will not be running.
RoslynAnalysisRunner has terminated.
Mono: successfully reloaded assembly
- Completed reload, in  0.969 seconds
Platform modules already initialized, skipping
Refreshing native plugins compatible for Editor in 0.48 ms, found 1 plugins.
Preloading 0 native plugins for Editor in 0.00 ms.
Unloading 2153 Unused Serialized files (Serialized files now loaded: 0)
System memory in use before: 97.8 MB.
System memory in use after: 97.8 MB.

Unloading 13 unused Assets to reduce memory usage. Loaded Objects now: 2627.
Total: 2.097400 ms (FindLiveObjects: 0.271700 ms CreateObjectMapping: 0.094300 ms MarkObjects: 1.630900 ms  DeleteObjects: 0.099400 ms)

========================================================================
Received Import Request.
  Time since last request: 999.929363 seconds.
  path: Assets/Scenes/phase 1-1.unity
  artifactKey: Guid(1a06809275f81bd45a55353e1a523514) Importer(815301076,1909f56bfc062723c751e8b465ee728b)
Start importing Assets/Scenes/phase 1-1.unity using Guid(1a06809275f81bd45a55353e1a523514) Importer(815301076,1909f56bfc062723c751e8b465ee728b)  -> (artifact id: '0d9ec306cad091a09fa03bb626737630') in 0.012798 seconds
  Import took 0.063375 seconds .

========================================================================
Received Prepare
Registering precompiled user dll's ...
Registered in 0.001285 seconds.
Begin MonoManager ReloadAssembly
Native extension for WindowsStandalone target not found
Refreshing native plugins compatible for Editor in 0.44 ms, found 1 plugins.
Preloading 0 native plugins for Editor in 0.00 ms.
Invoked RoslynAnalysisRunner static constructor.
RoslynAnalysisRunner will not be running.
RoslynAnalysisRunner has terminated.
Mono: successfully reloaded assembly
- Completed reload, in  0.873 seconds
Platform modules already initialized, skipping
Refreshing native plugins compatible for Editor in 0.41 ms, found 1 plugins.
Preloading 0 native plugins for Editor in 0.00 ms.
Unloading 2153 Unused Serialized files (Serialized files now loaded: 0)
System memory in use before: 97.8 MB.
System memory in use after: 97.9 MB.

Unloading 13 unused Assets to reduce memory usage. Loaded Objects now: 2631.
Total: 2.154700 ms (FindLiveObjects: 0.217300 ms CreateObjectMapping: 0.124200 ms MarkObjects: 1.697500 ms  DeleteObjects: 0.114600 ms)

========================================================================
Received Import Request.
  Time since last request: 303.523032 seconds.
  path: Assets/PauseMenu.cs
  artifactKey: Guid(c3c160d68932b75448894c36327dba42) Importer(815301076,1909f56bfc062723c751e8b465ee728b)
Start importing Assets/PauseMenu.cs using Guid(c3c160d68932b75448894c36327dba42) Importer(815301076,1909f56bfc062723c751e8b465ee728b)  -> (artifact id: '068d68009fa7e79cece5b702c56ac18a') in 0.770854 seconds
  Import took 0.850438 seconds .

========================================================================
Received Prepare
Registering precompiled user dll's ...
Registered in 0.001281 seconds.
Begin MonoManager ReloadAssembly
Native extension for WindowsStandalone target not found
Refreshing native plugins compatible for Editor in 0.40 ms, found 1 plugins.
Preloading 0 native plugins for Editor in 0.00 ms.
Invoked RoslynAnalysisRunner static constructor.
RoslynAnalysisRunner will not be running.
RoslynAnalysisRunner has terminated.
Mono: successfully reloaded assembly
- Completed reload, in  0.788 seconds
Platform modules already initialized, skipping
Refreshing native plugins compatible for Editor in 0.49 ms, found 1 plugins.
Preloading 0 native plugins for Editor in 0.00 ms.
Unloading 2153 Unused Serialized files (Serialized files now loaded: 0)
System memory in use before: 97.9 MB.
System memory in use after: 97.9 MB.

Unloading 13 unused Assets to reduce memory usage. Loaded Objects now: 2635.
Total: 3.105100 ms (FindLiveObjects: 0.254900 ms CreateObjectMapping: 0.147700 ms MarkObjects: 2.593600 ms  DeleteObjects: 0.107800 ms)

========================================================================
Received Prepare
Registering precompiled user dll's ...
Registered in 0.001853 seconds.
Begin MonoManager ReloadAssembly
Native extension for WindowsStandalone target not found
Refreshing native plugins compatible for Editor in 0.39 ms, found 1 plugins.
Preloading 0 native plugins for Editor in 0.00 ms.
Invoked RoslynAnalysisRunner static constructor.
RoslynAnalysisRunner will not be running.
RoslynAnalysisRunner has terminated.
Mono: successfully reloaded assembly
- Completed reload, in  0.790 seconds
Platform modules already initialized, skipping
Refreshing native plugins compatible for Editor in 0.40 ms, found 1 plugins.
Preloading 0 native plugins for Editor in 0.00 ms.
Unloading 2153 Unused Serialized files (Serialized files now loaded: 0)
System memory in use before: 97.9 MB.
System memory in use after: 97.9 MB.

Unloading 13 unused Assets to reduce memory usage. Loaded Objects now: 2639.
Total: 2.179500 ms (FindLiveObjects: 0.191600 ms CreateObjectMapping: 0.068800 ms MarkObjects: 1.830700 ms  DeleteObjects: 0.087500 ms)

========================================================================
Received Prepare
Registering precompiled user dll's ...
Registered in 0.001591 seconds.
Begin MonoManager ReloadAssembly
Native extension for WindowsStandalone target not found
Refreshing native plugins compatible for Editor in 0.40 ms, found 1 plugins.
Preloading 0 native plugins for Editor in 0.00 ms.
Invoked RoslynAnalysisRunner static constructor.
RoslynAnalysisRunner will not be running.
RoslynAnalysisRunner has terminated.
Mono: successfully reloaded assembly
- Completed reload, in  0.790 seconds
Platform modules already initialized, skipping
Refreshing native plugins compatible for Editor in 0.40 ms, found 1 plugins.
Preloading 0 native plugins for Editor in 0.00 ms.
Unloading 2153 Unused Serialized files (Serialized files now loaded: 0)
System memory in use before: 97.9 MB.
System memory in use after: 97.9 MB.

Unloading 13 unused Assets to reduce memory usage. Loaded Objects now: 2643.
Total: 2.842700 ms (FindLiveObjects: 0.191500 ms CreateObjectMapping: 0.083800 ms MarkObjects: 2.469700 ms  DeleteObjects: 0.096400 ms)

========================================================================
Received Prepare
Registering precompiled user dll's ...
Registered in 0.001340 seconds.
Begin MonoManager ReloadAssembly
Native extension for WindowsStandalone target not found
Refreshing native plugins compatible for Editor in 0.42 ms, found 1 plugins.
Preloading 0 native plugins for Editor in 0.00 ms.
Invoked RoslynAnalysisRunner static constructor.
RoslynAnalysisRunner will not be running.
RoslynAnalysisRunner has terminated.
Mono: successfully reloaded assembly
- Completed reload, in  0.805 seconds
Platform modules already initialized, skipping
Refreshing native plugins compatible for Editor in 0.39 ms, found 1 plugins.
Preloading 0 native plugins for Editor in 0.00 ms.
Unloading 2153 Unused Serialized files (Serialized files now loaded: 0)
System memory in use before: 97.9 MB.
System memory in use after: 97.9 MB.

Unloading 13 unused Assets to reduce memory usage. Loaded Objects now: 2647.
Total: 2.305700 ms (FindLiveObjects: 0.241500 ms CreateObjectMapping: 0.109000 ms MarkObjects: 1.866400 ms  DeleteObjects: 0.087300 ms)

========================================================================
Received Import Request.
  Time since last request: 345.598727 seconds.
  path: Assets/Scenes/phase 1-1.unity
  artifactKey: Guid(1a06809275f81bd45a55353e1a523514) Importer(815301076,1909f56bfc062723c751e8b465ee728b)
Start importing Assets/Scenes/phase 1-1.unity using Guid(1a06809275f81bd45a55353e1a523514) Importer(815301076,1909f56bfc062723c751e8b465ee728b)  -> (artifact id: '95ce16663b11d09083f4c663f26bbdb7') in 0.014080 seconds
  Import took 0.138832 seconds .

========================================================================
Received Prepare
Registering precompiled user dll's ...
Registered in 0.001339 seconds.
Begin MonoManager ReloadAssembly
Native extension for WindowsStandalone target not found
Refreshing native plugins compatible for Editor in 0.39 ms, found 1 plugins.
Preloading 0 native plugins for Editor in 0.00 ms.
Invoked RoslynAnalysisRunner static constructor.
RoslynAnalysisRunner will not be running.
RoslynAnalysisRunner has terminated.
Mono: successfully reloaded assembly
- Completed reload, in  0.757 seconds
Platform modules already initialized, skipping
Refreshing native plugins compatible for Editor in 0.39 ms, found 1 plugins.
Preloading 0 native plugins for Editor in 0.00 ms.
Unloading 2153 Unused Serialized files (Serialized files now loaded: 0)
System memory in use before: 97.9 MB.
System memory in use after: 97.9 MB.

Unloading 13 unused Assets to reduce memory usage. Loaded Objects now: 2651.
Total: 2.285300 ms (FindLiveObjects: 0.193600 ms CreateObjectMapping: 0.072400 ms MarkObjects: 1.933000 ms  DeleteObjects: 0.085600 ms)

========================================================================
Received Prepare
Registering precompiled user dll's ...
Registered in 0.001294 seconds.
Begin MonoManager ReloadAssembly
Native extension for WindowsStandalone target not found
Refreshing native plugins compatible for Editor in 0.39 ms, found 1 plugins.
Preloading 0 native plugins for Editor in 0.00 ms.
Invoked RoslynAnalysisRunner static constructor.
RoslynAnalysisRunner will not be running.
RoslynAnalysisRunner has terminated.
Mono: successfully reloaded assembly
- Completed reload, in  0.799 seconds
Platform modules already initialized, skipping
Refreshing native plugins compatible for Editor in 0.39 ms, found 1 plugins.
Preloading 0 native plugins for Editor in 0.00 ms.
Unloading 2153 Unused Serialized files (Serialized files now loaded: 0)
System memory in use before: 97.9 MB.
System memory in use after: 98.0 MB.

Unloading 13 unused Assets to reduce memory usage. Loaded Objects now: 2655.
Total: 2.536100 ms (FindLiveObjects: 0.249700 ms CreateObjectMapping: 0.121300 ms MarkObjects: 2.067100 ms  DeleteObjects: 0.096600 ms)

========================================================================
Received Import Request.
  Time since last request: 657.676237 seconds.
  path: Assets/Scenes/phase 2-1.unity
  artifactKey: Guid(b25aa17ba604fa344820f52768267e73) Importer(815301076,1909f56bfc062723c751e8b465ee728b)
Start importing Assets/Scenes/phase 2-1.unity using Guid(b25aa17ba604fa344820f52768267e73) Importer(815301076,1909f56bfc062723c751e8b465ee728b)  -> (artifact id: '9bea92367507f6c82e94d75a9e1201c8') in 0.023072 seconds
  Import took 0.388017 seconds .

========================================================================
Received Import Request.
  Time since last request: 33.817222 seconds.
  path: Assets/Scenes/phase 2-2.unity
  artifactKey: Guid(9044e7e0b9584db46bfdb8d08bc1129d) Importer(815301076,1909f56bfc062723c751e8b465ee728b)
Start importing Assets/Scenes/phase 2-2.unity using Guid(9044e7e0b9584db46bfdb8d08bc1129d) Importer(815301076,1909f56bfc062723c751e8b465ee728b)  -> (artifact id: '1cd43cf1c4ad4e0ce4d50e1a62bdb75d') in 0.007265 seconds
  Import took 0.068872 seconds .

========================================================================
Received Import Request.
  Time since last request: 6783.448290 seconds.
  path: Assets/Scenes/phase 1-1.unity
  artifactKey: Guid(1a06809275f81bd45a55353e1a523514) Importer(815301076,1909f56bfc062723c751e8b465ee728b)
Start importing Assets/Scenes/phase 1-1.unity using Guid(1a06809275f81bd45a55353e1a523514) Importer(815301076,1909f56bfc062723c751e8b465ee728b)  -> (artifact id: '8bfa9efe696edaa02d3586bbc6d9064e') in 0.008256 seconds
  Import took 0.297475 seconds .

========================================================================
Received Import Request.
  Time since last request: 6.526930 seconds.
  path: Assets/Scenes/phase 1-2.unity
  artifactKey: Guid(bb3a5744c915ba7449c75921799f713f) Importer(815301076,1909f56bfc062723c751e8b465ee728b)
Start importing Assets/Scenes/phase 1-2.unity using Guid(bb3a5744c915ba7449c75921799f713f) Importer(815301076,1909f56bfc062723c751e8b465ee728b)  -> (artifact id: 'd2648a76f313e9711381586578f28242') in 0.002521 seconds
  Import took 0.063453 seconds .

========================================================================
Received Import Request.
  Time since last request: 1482.711961 seconds.
  path: Assets/Scenes/phase 1-1.unity
  artifactKey: Guid(1a06809275f81bd45a55353e1a523514) Importer(815301076,1909f56bfc062723c751e8b465ee728b)
Start importing Assets/Scenes/phase 1-1.unity using Guid(1a06809275f81bd45a55353e1a523514) Importer(815301076,1909f56bfc062723c751e8b465ee728b)  -> (artifact id: 'e08c281ea014c2ac20028e554285eae9') in 0.008030 seconds
  Import took 0.049080 seconds .

========================================================================
Received Import Request.
  Time since last request: 8.048670 seconds.
  path: Assets/Scenes/phase 1-2.unity
  artifactKey: Guid(bb3a5744c915ba7449c75921799f713f) Importer(815301076,1909f56bfc062723c751e8b465ee728b)
Start importing Assets/Scenes/phase 1-2.unity using Guid(bb3a5744c915ba7449c75921799f713f) Importer(815301076,1909f56bfc062723c751e8b465ee728b)  -> (artifact id: '05036a62e6e95234095bb2ab024aa92b') in 0.007049 seconds
  Import took 0.073321 seconds .

========================================================================
Received Prepare
Registering precompiled user dll's ...
Registered in 0.001406 seconds.
Begin MonoManager ReloadAssembly
Native extension for WindowsStandalone target not found
Refreshing native plugins compatible for Editor in 0.61 ms, found 1 plugins.
Preloading 0 native plugins for Editor in 0.00 ms.
Invoked RoslynAnalysisRunner static constructor.
RoslynAnalysisRunner will not be running.
RoslynAnalysisRunner has terminated.
Mono: successfully reloaded assembly
- Completed reload, in  0.947 seconds
Platform modules already initialized, skipping
Refreshing native plugins compatible for Editor in 0.42 ms, found 1 plugins.
Preloading 0 native plugins for Editor in 0.00 ms.
Unloading 2153 Unused Serialized files (Serialized files now loaded: 0)
System memory in use before: 98.0 MB.
System memory in use after: 98.0 MB.

Unloading 13 unused Assets to reduce memory usage. Loaded Objects now: 2659.
Total: 2.314700 ms (FindLiveObjects: 0.215700 ms CreateObjectMapping: 0.083300 ms MarkObjects: 1.917300 ms  DeleteObjects: 0.097300 ms)

========================================================================
Received Import Request.
  Time since last request: 396.838545 seconds.
  path: Assets/Scenes/phase 2-1.unity
  artifactKey: Guid(b25aa17ba604fa344820f52768267e73) Importer(815301076,1909f56bfc062723c751e8b465ee728b)
Start importing Assets/Scenes/phase 2-1.unity using Guid(b25aa17ba604fa344820f52768267e73) Importer(815301076,1909f56bfc062723c751e8b465ee728b)  -> (artifact id: 'aa112459ca43c9f2f0d912bd8b4ea657') in 0.023441 seconds
  Import took 0.037577 seconds .

========================================================================
Received Import Request.
  Time since last request: 207.964211 seconds.
  path: Assets/Scenes/phase 1-2.unity
  artifactKey: Guid(bb3a5744c915ba7449c75921799f713f) Importer(815301076,1909f56bfc062723c751e8b465ee728b)
Start importing Assets/Scenes/phase 1-2.unity using Guid(bb3a5744c915ba7449c75921799f713f) Importer(815301076,1909f56bfc062723c751e8b465ee728b)  -> (artifact id: '4e912c5043269a93dd4b67dd33a7dc80') in 0.008985 seconds
  Import took 0.055122 seconds .

========================================================================
Received Prepare
Registering precompiled user dll's ...
Registered in 0.001313 seconds.
Begin MonoManager ReloadAssembly
Native extension for WindowsStandalone target not found
Refreshing native plugins compatible for Editor in 0.39 ms, found 1 plugins.
Preloading 0 native plugins for Editor in 0.00 ms.
Invoked RoslynAnalysisRunner static constructor.
RoslynAnalysisRunner will not be running.
RoslynAnalysisRunner has terminated.
Mono: successfully reloaded assembly
- Completed reload, in  0.819 seconds
Platform modules already initialized, skipping
Refreshing native plugins compatible for Editor in 0.39 ms, found 1 plugins.
Preloading 0 native plugins for Editor in 0.00 ms.
Unloading 2153 Unused Serialized files (Serialized files now loaded: 0)
System memory in use before: 98.0 MB.
System memory in use after: 98.0 MB.

Unloading 13 unused Assets to reduce memory usage. Loaded Objects now: 2663.
Total: 2.465500 ms (FindLiveObjects: 0.332500 ms CreateObjectMapping: 0.160400 ms MarkObjects: 1.856200 ms  DeleteObjects: 0.114800 ms)

========================================================================
Received Import Request.
  Time since last request: 162.000270 seconds.
  path: Assets/Scenes/phase 2-1.unity
  artifactKey: Guid(b25aa17ba604fa344820f52768267e73) Importer(815301076,1909f56bfc062723c751e8b465ee728b)
Start importing Assets/Scenes/phase 2-1.unity using Guid(b25aa17ba604fa344820f52768267e73) Importer(815301076,1909f56bfc062723c751e8b465ee728b)  -> (artifact id: 'cf390522695c5d9f98dd3f4b9c6edf06') in 0.014754 seconds
  Import took 0.042306 seconds .

========================================================================
Received Prepare
Registering precompiled user dll's ...
Registered in 0.001417 seconds.
Begin MonoManager ReloadAssembly
Native extension for WindowsStandalone target not found
Refreshing native plugins compatible for Editor in 0.42 ms, found 1 plugins.
Preloading 0 native plugins for Editor in 0.00 ms.
Invoked RoslynAnalysisRunner static constructor.
RoslynAnalysisRunner will not be running.
RoslynAnalysisRunner has terminated.
Mono: successfully reloaded assembly
- Completed reload, in  0.803 seconds
Platform modules already initialized, skipping
Refreshing native plugins compatible for Editor in 0.41 ms, found 1 plugins.
Preloading 0 native plugins for Editor in 0.00 ms.
Unloading 2153 Unused Serialized files (Serialized files now loaded: 0)
System memory in use before: 98.0 MB.
System memory in use after: 98.1 MB.

Unloading 13 unused Assets to reduce memory usage. Loaded Objects now: 2667.
Total: 2.353500 ms (FindLiveObjects: 0.220900 ms CreateObjectMapping: 0.094200 ms MarkObjects: 1.948000 ms  DeleteObjects: 0.089400 ms)

========================================================================
Received Prepare
Registering precompiled user dll's ...
Registered in 0.001304 seconds.
Begin MonoManager ReloadAssembly
Native extension for WindowsStandalone target not found
Refreshing native plugins compatible for Editor in 0.40 ms, found 1 plugins.
Preloading 0 native plugins for Editor in 0.00 ms.
Invoked RoslynAnalysisRunner static constructor.
RoslynAnalysisRunner will not be running.
RoslynAnalysisRunner has terminated.
Mono: successfully reloaded assembly
- Completed reload, in  0.804 seconds
Platform modules already initialized, skipping
Refreshing native plugins compatible for Editor in 0.39 ms, found 1 plugins.
Preloading 0 native plugins for Editor in 0.00 ms.
Unloading 2153 Unused Serialized files (Serialized files now loaded: 0)
System memory in use before: 98.0 MB.
System memory in use after: 98.1 MB.

Unloading 13 unused Assets to reduce memory usage. Loaded Objects now: 2671.
Total: 2.077900 ms (FindLiveObjects: 0.270000 ms CreateObjectMapping: 0.139500 ms MarkObjects: 1.579500 ms  DeleteObjects: 0.087800 ms)

========================================================================
Received Import Request.
  Time since last request: 645.080728 seconds.
  path: Assets/Scenes/phase 1-2.unity
  artifactKey: Guid(bb3a5744c915ba7449c75921799f713f) Importer(815301076,1909f56bfc062723c751e8b465ee728b)
Start importing Assets/Scenes/phase 1-2.unity using Guid(bb3a5744c915ba7449c75921799f713f) Importer(815301076,1909f56bfc062723c751e8b465ee728b)  -> (artifact id: '4cf71f2190edd9a6477c21fcba042a61') in 0.013492 seconds
  Import took 0.068085 seconds .

========================================================================
Received Import Request.
  Time since last request: 27.255151 seconds.
  path: Assets/Scenes/phase 2-1.unity
  artifactKey: Guid(b25aa17ba604fa344820f52768267e73) Importer(815301076,1909f56bfc062723c751e8b465ee728b)
Start importing Assets/Scenes/phase 2-1.unity using Guid(b25aa17ba604fa344820f52768267e73) Importer(815301076,1909f56bfc062723c751e8b465ee728b)  -> (artifact id: 'd8e4fd3282a9e52083951b77bd25ce2e') in 0.002489 seconds
  Import took 0.044804 seconds .

========================================================================
Received Import Request.
  Time since last request: 19.657137 seconds.
  path: Assets/Scenes/phase 2-2.unity
  artifactKey: Guid(9044e7e0b9584db46bfdb8d08bc1129d) Importer(815301076,1909f56bfc062723c751e8b465ee728b)
Start importing Assets/Scenes/phase 2-2.unity using Guid(9044e7e0b9584db46bfdb8d08bc1129d) Importer(815301076,1909f56bfc062723c751e8b465ee728b)  -> (artifact id: 'ea8d8c42cf4ecd0bdfda351a51f6efac') in 0.006265 seconds
  Import took 0.047226 seconds .

========================================================================
Received Import Request.
  Time since last request: 22.622365 seconds.
  path: Assets/Scenes/phase 2-1.unity
  artifactKey: Guid(b25aa17ba604fa344820f52768267e73) Importer(815301076,1909f56bfc062723c751e8b465ee728b)
Start importing Assets/Scenes/phase 2-1.unity using Guid(b25aa17ba604fa344820f52768267e73) Importer(815301076,1909f56bfc062723c751e8b465ee728b)  -> (artifact id: 'c6c97c1ee19bf435613e5cf1a16a44a4') in 0.002529 seconds
  Import took 0.007584 seconds .

========================================================================
Received Prepare
Registering precompiled user dll's ...
Registered in 0.001814 seconds.
Begin MonoManager ReloadAssembly
Native extension for WindowsStandalone target not found
Refreshing native plugins compatible for Editor in 0.61 ms, found 1 plugins.
Preloading 0 native plugins for Editor in 0.00 ms.
Invoked RoslynAnalysisRunner static constructor.
RoslynAnalysisRunner will not be running.
RoslynAnalysisRunner has terminated.
Mono: successfully reloaded assembly
- Completed reload, in  1.122 seconds
Platform modules already initialized, skipping
Refreshing native plugins compatible for Editor in 0.85 ms, found 1 plugins.
Preloading 0 native plugins for Editor in 0.00 ms.
Unloading 2153 Unused Serialized files (Serialized files now loaded: 0)
System memory in use before: 98.0 MB.
System memory in use after: 98.0 MB.

Unloading 13 unused Assets to reduce memory usage. Loaded Objects now: 2675.
Total: 2.722800 ms (FindLiveObjects: 0.308100 ms CreateObjectMapping: 0.136200 ms MarkObjects: 2.131200 ms  DeleteObjects: 0.145600 ms)

========================================================================
Received Import Request.
  Time since last request: 26.115610 seconds.
  path: Assets/Scenes/phase 1-2.unity
  artifactKey: Guid(bb3a5744c915ba7449c75921799f713f) Importer(815301076,1909f56bfc062723c751e8b465ee728b)
Start importing Assets/Scenes/phase 1-2.unity using Guid(bb3a5744c915ba7449c75921799f713f) Importer(815301076,1909f56bfc062723c751e8b465ee728b)  -> (artifact id: '30ec35e676bdf5e4ee5837145a1836fa') in 0.012567 seconds
  Import took 0.037129 seconds .

========================================================================
Received Import Request.
  Time since last request: 12.121591 seconds.
  path: Assets/Scenes/phase 2-2.unity
  artifactKey: Guid(9044e7e0b9584db46bfdb8d08bc1129d) Importer(815301076,1909f56bfc062723c751e8b465ee728b)
Start importing Assets/Scenes/phase 2-2.unity using Guid(9044e7e0b9584db46bfdb8d08bc1129d) Importer(815301076,1909f56bfc062723c751e8b465ee728b)  -> (artifact id: 'a674964b14cca21cf8b5438e31d74eec') in 0.002634 seconds
  Import took 0.006373 seconds .

========================================================================
Received Prepare
Registering precompiled user dll's ...
Registered in 0.001329 seconds.
Begin MonoManager ReloadAssembly
Native extension for WindowsStandalone target not found
Refreshing native plugins compatible for Editor in 0.42 ms, found 1 plugins.
Preloading 0 native plugins for Editor in 0.00 ms.
Invoked RoslynAnalysisRunner static constructor.
RoslynAnalysisRunner will not be running.
RoslynAnalysisRunner has terminated.
Mono: successfully reloaded assembly
- Completed reload, in  0.832 seconds
Platform modules already initialized, skipping
Refreshing native plugins compatible for Editor in 0.40 ms, found 1 plugins.
Preloading 0 native plugins for Editor in 0.00 ms.
Unloading 2153 Unused Serialized files (Serialized files now loaded: 0)
System memory in use before: 98.0 MB.
System memory in use after: 98.1 MB.

Unloading 13 unused Assets to reduce memory usage. Loaded Objects now: 2679.
Total: 2.383600 ms (FindLiveObjects: 0.236400 ms CreateObjectMapping: 0.097000 ms MarkObjects: 1.917000 ms  DeleteObjects: 0.131800 ms)

========================================================================
Received Import Request.
  Time since last request: 968.904774 seconds.
  path: Assets/Scenes/phase 1-1.unity
  artifactKey: Guid(1a06809275f81bd45a55353e1a523514) Importer(815301076,1909f56bfc062723c751e8b465ee728b)
Start importing Assets/Scenes/phase 1-1.unity using Guid(1a06809275f81bd45a55353e1a523514) Importer(815301076,1909f56bfc062723c751e8b465ee728b)  -> (artifact id: '59eac45ef60453ccced215d626f64b60') in 0.017164 seconds
  Import took 0.043939 seconds .

========================================================================
Received Import Request.
  Time since last request: 209.805228 seconds.
  path: Assets/Scenes/phase 1-2.unity
  artifactKey: Guid(bb3a5744c915ba7449c75921799f713f) Importer(815301076,1909f56bfc062723c751e8b465ee728b)
Start importing Assets/Scenes/phase 1-2.unity using Guid(bb3a5744c915ba7449c75921799f713f) Importer(815301076,1909f56bfc062723c751e8b465ee728b)  -> (artifact id: '02dd2bfbbc306804e0972fe9ba068253') in 0.002793 seconds
  Import took 0.036190 seconds .

========================================================================
Received Import Request.
  Time since last request: 8.534207 seconds.
  path: Assets/Scenes/phase 1-1.unity
  artifactKey: Guid(1a06809275f81bd45a55353e1a523514) Importer(815301076,1909f56bfc062723c751e8b465ee728b)
Start importing Assets/Scenes/phase 1-1.unity using Guid(1a06809275f81bd45a55353e1a523514) Importer(815301076,1909f56bfc062723c751e8b465ee728b)  -> (artifact id: 'a4284d88d1ac69df2df271cc33e6734d') in 0.002555 seconds
  Import took 0.034749 seconds .

========================================================================
Received Import Request.
  Time since last request: 7.577165 seconds.
  path: Assets/Scenes/phase 2-1.unity
  artifactKey: Guid(b25aa17ba604fa344820f52768267e73) Importer(815301076,1909f56bfc062723c751e8b465ee728b)
Start importing Assets/Scenes/phase 2-1.unity using Guid(b25aa17ba604fa344820f52768267e73) Importer(815301076,1909f56bfc062723c751e8b465ee728b)  -> (artifact id: 'dede16001d92e8699b1e87c9db0657f5') in 0.003118 seconds
  Import took 0.046115 seconds .

========================================================================
Received Import Request.
  Time since last request: 1.828889 seconds.
  path: Assets/Scenes/phase 1-2.unity
  artifactKey: Guid(bb3a5744c915ba7449c75921799f713f) Importer(815301076,1909f56bfc062723c751e8b465ee728b)
Start importing Assets/Scenes/phase 1-2.unity using Guid(bb3a5744c915ba7449c75921799f713f) Importer(815301076,1909f56bfc062723c751e8b465ee728b)  -> (artifact id: 'e9e0333130c3e1296333240890651524') in 0.003749 seconds
  Import took 0.034112 seconds .

========================================================================
Received Import Request.
  Time since last request: 1.154837 seconds.
  path: Assets/Scenes/phase 1-1.unity
  artifactKey: Guid(1a06809275f81bd45a55353e1a523514) Importer(815301076,1909f56bfc062723c751e8b465ee728b)
Start importing Assets/Scenes/phase 1-1.unity using Guid(1a06809275f81bd45a55353e1a523514) Importer(815301076,1909f56bfc062723c751e8b465ee728b)  -> (artifact id: '682c4f4e9345b54d027bd25ff22100e2') in 0.002668 seconds
  Import took 0.036860 seconds .

========================================================================
Received Import Request.
  Time since last request: 10.503149 seconds.
  path: Assets/Scenes/phase 2-2.unity
  artifactKey: Guid(9044e7e0b9584db46bfdb8d08bc1129d) Importer(815301076,1909f56bfc062723c751e8b465ee728b)
Start importing Assets/Scenes/phase 2-2.unity using Guid(9044e7e0b9584db46bfdb8d08bc1129d) Importer(815301076,1909f56bfc062723c751e8b465ee728b)  -> (artifact id: '3dfcb367fb8ce401469c71c1ce3e5303') in 0.002809 seconds
  Import took 0.006959 seconds .

========================================================================
Received Import Request.
  Time since last request: 92.608220 seconds.
  path: Assets/Scenes/phase 2-2.unity
  artifactKey: Guid(9044e7e0b9584db46bfdb8d08bc1129d) Importer(815301076,1909f56bfc062723c751e8b465ee728b)
Start importing Assets/Scenes/phase 2-2.unity using Guid(9044e7e0b9584db46bfdb8d08bc1129d) Importer(815301076,1909f56bfc062723c751e8b465ee728b)  -> (artifact id: '1153cdae7518772a55cf1a5ae2811910') in 0.002791 seconds
  Import took 0.217089 seconds .

========================================================================
Received Import Request.
  Time since last request: 50.474939 seconds.
  path: Assets/Audio/Boss_Battle_Loop.wav
  artifactKey: Guid(da76f42dff4ba2b46b47f681c773935a) Importer(815301076,1909f56bfc062723c751e8b465ee728b)
Start importing Assets/Audio/Boss_Battle_Loop.wav using Guid(da76f42dff4ba2b46b47f681c773935a) Importer(815301076,1909f56bfc062723c751e8b465ee728b)  -> (artifact id: '0b99274608ed6d461acc7dc2eb4b1ec9') in 0.168121 seconds
  Import took 0.172712 seconds .

========================================================================
Received Prepare
Registering precompiled user dll's ...
Registered in 0.001896 seconds.
Begin MonoManager ReloadAssembly
Native extension for WindowsStandalone target not found
Refreshing native plugins compatible for Editor in 0.46 ms, found 1 plugins.
Preloading 0 native plugins for Editor in 0.00 ms.
Invoked RoslynAnalysisRunner static constructor.
RoslynAnalysisRunner will not be running.
RoslynAnalysisRunner has terminated.
Mono: successfully reloaded assembly
- Completed reload, in  0.797 seconds
Platform modules already initialized, skipping
Refreshing native plugins compatible for Editor in 0.42 ms, found 1 plugins.
Preloading 0 native plugins for Editor in 0.00 ms.
Unloading 2153 Unused Serialized files (Serialized files now loaded: 0)
System memory in use before: 101.1 MB.
System memory in use after: 101.1 MB.

Unloading 13 unused Assets to reduce memory usage. Loaded Objects now: 2692.
Total: 2.379900 ms (FindLiveObjects: 0.203200 ms CreateObjectMapping: 0.078500 ms MarkObjects: 2.009500 ms  DeleteObjects: 0.087400 ms)

========================================================================
Received Prepare
Registering precompiled user dll's ...
Registered in 0.001395 seconds.
Begin MonoManager ReloadAssembly
Native extension for WindowsStandalone target not found
Refreshing native plugins compatible for Editor in 0.39 ms, found 1 plugins.
Preloading 0 native plugins for Editor in 0.00 ms.
Invoked RoslynAnalysisRunner static constructor.
RoslynAnalysisRunner will not be running.
RoslynAnalysisRunner has terminated.
Mono: successfully reloaded assembly
- Completed reload, in  0.797 seconds
Platform modules already initialized, skipping
Refreshing native plugins compatible for Editor in 0.39 ms, found 1 plugins.
Preloading 0 native plugins for Editor in 0.00 ms.
Unloading 2153 Unused Serialized files (Serialized files now loaded: 0)
System memory in use before: 101.1 MB.
System memory in use after: 101.1 MB.

Unloading 13 unused Assets to reduce memory usage. Loaded Objects now: 2696.
Total: 2.378300 ms (FindLiveObjects: 0.224100 ms CreateObjectMapping: 0.086500 ms MarkObjects: 1.969900 ms  DeleteObjects: 0.096800 ms)

AssetImportWorkerClient::OnTransportError - code=2 error=End of file
